<?xml version="1.0" encoding="UTF-8"?>
<!-- Generated by org.testng.reporters.JUnitXMLReporter -->
<testsuite ignored="0" hostname="DESKTOP-3VJBEOJ" failures="0" tests="7" name="Default test" time="24.924" errors="0" timestamp="2023-12-19T14:58:23 IST">
  <testcase classname="testCases.Cart_Page_Test" name="verifyCheckoutBtnTest" time="0.124"/>
  <testcase classname="testCases.Cart_Page_Test" name="verifyContinueShoppingBtnTest" time="0.131"/>
  <testcase classname="testCases.Cart_Page_Test" name="verifyDescriptionTextTest" time="0.056"/>
  <testcase classname="testCases.Cart_Page_Test" name="verifyQTYTextTest" time="0.056"/>
  <testcase classname="testCases.Cart_Page_Test" name="verifySwagLabsTextTest" time="0.063"/>
  <testcase classname="testCases.Cart_Page_Test" name="verifyURLOFApplicationTest" time="0.009"/>
  <testcase classname="testCases.Cart_Page_Test" name="verifyyourCartTextTest" time="0.063"/>
</testsuite> <!-- Default test -->
