<?xml version="1.0" encoding="UTF-8"?>
<!-- Generated by org.testng.reporters.JUnitXMLReporter -->
<testsuite ignored="9" hostname="DESKTOP-F3EKOFF" failures="0" tests="3" name="Test" time="159.455" errors="0" timestamp="2023-12-12T20:25:18 IST">
  <testcase classname="testCases.LoginPageTest" name="verifyTitleOfApplicationTest" time="4.843"/>
  <testcase classname="testCases.LoginPageTest" name="verifyURLOFApplicationTest" time="0.88"/>
  <testcase classname="testCases.Inventory_page_2_Test" name="verifyproductsLableTest" time="0.187"/>
  <testcase classname="testCases.Inventory_page_2_Test" name="verifylinkedinLogoTest" time="0.0">
    <ignored/>
  </testcase> <!-- verifylinkedinLogoTest -->
  <testcase classname="testCases.Inventory_page_2_Test" name="verifyfacebookLogoTest" time="0.0">
    <ignored/>
  </testcase> <!-- verifyfacebookLogoTest -->
  <testcase classname="testCases.Inventory_page_2_Test" name="verifytwitterLogoTest" time="0.0">
    <ignored/>
  </testcase> <!-- verifytwitterLogoTest -->
  <testcase classname="testCases.Inventory_page_2_Test" name="add6ProductsTest" time="0.0">
    <ignored/>
  </testcase> <!-- add6ProductsTest -->
  <testcase classname="testCases.Inventory_page_2_Test" name="remove6ProductsTest" time="0.0">
    <ignored/>
  </testcase> <!-- remove6ProductsTest -->
  <testcase classname="testCases.Inventory_page_2_Test" name="verifyswagLabLableTest" time="0.0">
    <ignored/>
  </testcase> <!-- verifyswagLabLableTest -->
  <testcase classname="testCases.LoginPageTest" name="loginToApplicationTest" time="0.0">
    <ignored/>
  </testcase> <!-- loginToApplicationTest -->
  <testcase classname="testCases.Inventory_page_2_Test" name="verifyCartCountTest" time="0.0">
    <ignored/>
  </testcase> <!-- verifyCartCountTest -->
  <testcase classname="testCases.Inventory_page_2_Test" name="verifyfooterTextTest" time="0.0">
    <ignored/>
  </testcase> <!-- verifyfooterTextTest -->
</testsuite> <!-- Test -->
