<?xml version="1.0" encoding="UTF-8"?>
<!-- Generated by org.testng.reporters.JUnitXMLReporter -->
<testsuite ignored="7" hostname="DESKTOP-F3EKOFF" failures="0" tests="1" name="Default test(failed)(failed)" time="28.621" errors="0" timestamp="2023-12-09T11:45:14 IST">
  <testcase classname="testCases.Inventory_page_2_Test" name="remove6ProductsTest" time="8.562"/>
  <testcase classname="testCases.Inventory_page_2_Test" name="add6ProductsTest" time="0.0">
    <ignored/>
  </testcase> <!-- add6ProductsTest -->
  <testcase classname="testCases.Inventory_page_2_Test" name="verifylinkedinLogoTest" time="0.0">
    <ignored/>
  </testcase> <!-- verifylinkedinLogoTest -->
  <testcase classname="testCases.Inventory_page_2_Test" name="verifyproductsLableTest" time="0.0">
    <ignored/>
  </testcase> <!-- verifyproductsLableTest -->
  <testcase classname="testCases.Inventory_page_2_Test" name="verifyfacebookLogoTest" time="0.0">
    <ignored/>
  </testcase> <!-- verifyfacebookLogoTest -->
  <testcase classname="testCases.Inventory_page_2_Test" name="verifyfooterTextTest" time="0.0">
    <ignored/>
  </testcase> <!-- verifyfooterTextTest -->
  <testcase classname="testCases.Inventory_page_2_Test" name="verifyswagLabLableTest" time="0.0">
    <ignored/>
  </testcase> <!-- verifyswagLabLableTest -->
  <testcase classname="testCases.Inventory_page_2_Test" name="verifytwitterLogoTest" time="0.0">
    <ignored/>
  </testcase> <!-- verifytwitterLogoTest -->
</testsuite> <!-- Default test(failed)(failed) -->
