<?xml version="1.0" encoding="UTF-8"?>
<!-- Generated by org.testng.reporters.JUnitXMLReporter -->
<testsuite ignored="0" hostname="DESKTOP-F3EKOFF" failures="1" tests="11" name="Test" time="87.72" errors="0" timestamp="2023-12-09T12:02:13 IST">
  <testcase classname="testCases.LoginPageTest" name="loginToApplicationTest" time="2.505">
    <failure type="java.lang.NullPointerException" message="Cannot invoke &amp;quot;org.apache.poi.ss.usermodel.Cell.getStringCellValue()&amp;quot; because the return value of &amp;quot;org.apache.poi.ss.usermodel.Row.getCell(int)&amp;quot; is null">
      <![CDATA[java.lang.NullPointerException: Cannot invoke "org.apache.poi.ss.usermodel.Cell.getStringCellValue()" because the return value of "org.apache.poi.ss.usermodel.Row.getCell(int)" is null
at utility.ReadData.readExcel(ReadData.java:25)
at testCases.LoginPageTest.loginToApplicationTest(LoginPageTest.java:48)
at java.base/java.util.ArrayList.forEach(ArrayList.java:1511)
... Removed 27 stack frames]]>
    </failure>
  </testcase> <!-- loginToApplicationTest -->
  <testcase classname="testCases.LoginPageTest" name="verifyTitleOfApplicationTest" time="1.18"/>
  <testcase classname="testCases.LoginPageTest" name="verifyURLOFApplicationTest" time="0.064"/>
  <testcase classname="testCases.Inventory_page_2_Test" name="add6ProductsTest" time="0.993"/>
  <testcase classname="testCases.Inventory_page_2_Test" name="remove6ProductsTest" time="5.219"/>
  <testcase classname="testCases.Inventory_page_2_Test" name="verifyfacebookLogoTest" time="0.355"/>
  <testcase classname="testCases.Inventory_page_2_Test" name="verifyfooterTextTest" time="0.044"/>
  <testcase classname="testCases.Inventory_page_2_Test" name="verifylinkedinLogoTest" time="0.044"/>
  <testcase classname="testCases.Inventory_page_2_Test" name="verifyproductsLableTest" time="0.121"/>
  <testcase classname="testCases.Inventory_page_2_Test" name="verifyswagLabLableTest" time="0.042"/>
  <testcase classname="testCases.Inventory_page_2_Test" name="verifytwitterLogoTest" time="0.698"/>
</testsuite> <!-- Test -->
