<?xml version="1.0" encoding="UTF-8"?>
<!-- Generated by org.testng.reporters.JUnitXMLReporter -->
<testsuite ignored="2" hostname="DESKTOP-F3EKOFF" failures="0" tests="1" name="Test(failed)" time="11.265" errors="0" timestamp="2023-12-09T12:05:12 IST">
  <testcase classname="testCases.LoginPageTest" name="loginToApplicationTest" time="2.473"/>
  <testcase classname="testCases.LoginPageTest" name="verifyURLOFApplicationTest" time="0.0">
    <ignored/>
  </testcase> <!-- verifyURLOFApplicationTest -->
  <testcase classname="testCases.LoginPageTest" name="verifyTitleOfApplicationTest" time="0.0">
    <ignored/>
  </testcase> <!-- verifyTitleOfApplicationTest -->
</testsuite> <!-- Test(failed) -->
