<?xml version="1.0" encoding="UTF-8"?>
<testng-results ignored="0" total="7" passed="7" failed="0" skipped="0">
  <reporter-output>
    <line>
      <![CDATA[After Clicking ShoppingBTN= = https://www.saucedemo.com/checkout-step-one.html]]>
    </line>
    <line>
      <![CDATA[After Clicking ShoppingBTN= = https://www.saucedemo.com/inventory.html]]>
    </line>
    <line>
      <![CDATA[cart page text is = Description]]>
    </line>
    <line>
      <![CDATA[cart page text is = QTY]]>
    </line>
    <line>
      <![CDATA[cart page text is = Swag Labs]]>
    </line>
    <line>
      <![CDATA[URL of the Cart page is = https://www.saucedemo.com/cart.html]]>
    </line>
    <line>
      <![CDATA[cart page text is = Your Cart]]>
    </line>
  </reporter-output>
  <suite started-at="2023-12-19T14:57:58 IST" name="Default suite" finished-at="2023-12-19T14:58:23 IST" duration-ms="24924">
    <groups>
    </groups>
    <test started-at="2023-12-19T14:57:58 IST" name="Default test" finished-at="2023-12-19T14:58:23 IST" duration-ms="24924">
      <class name="testCases.Cart_Page_Test">
        <test-method is-config="true" signature="setup()[pri:0, instance:testCases.Cart_Page_Test@3bf9ce3e]" started-at="2023-12-19T14:57:58 IST" name="setup" finished-at="2023-12-19T14:58:05 IST" duration-ms="7276" status="PASS">
          <reporter-output>
          </reporter-output>
        </test-method> <!-- setup -->
        <test-method signature="verifyCheckoutBtnTest()[pri:0, instance:testCases.Cart_Page_Test@3bf9ce3e]" started-at="2023-12-19T14:58:05 IST" name="verifyCheckoutBtnTest" finished-at="2023-12-19T14:58:05 IST" duration-ms="124" status="PASS">
          <reporter-output>
            <line>
              <![CDATA[After Clicking ShoppingBTN= = https://www.saucedemo.com/checkout-step-one.html]]>
            </line>
          </reporter-output>
        </test-method> <!-- verifyCheckoutBtnTest -->
        <test-method is-config="true" signature="closeBrowser(org.testng.ITestResult)[pri:0, instance:testCases.Cart_Page_Test@3bf9ce3e]" started-at="2023-12-19T14:58:05 IST" name="closeBrowser" finished-at="2023-12-19T14:58:05 IST" duration-ms="183" status="PASS">
          <params>
            <param index="0">
              <value>
                <![CDATA[[TestResult name=verifyCheckoutBtnTest status=SUCCESS method=Cart_Page_Test.verifyCheckoutBtnTest()[pri:0, instance:testCases.Cart_Page_Test@3bf9ce3e] output=After Clicking ShoppingBTN= = https://www.saucedemo.com/checkout-step-one.html]]]>
              </value>
            </param>
          </params>
          <reporter-output>
          </reporter-output>
        </test-method> <!-- closeBrowser -->
        <test-method is-config="true" signature="setup()[pri:0, instance:testCases.Cart_Page_Test@3bf9ce3e]" started-at="2023-12-19T14:58:05 IST" name="setup" finished-at="2023-12-19T14:58:08 IST" duration-ms="2631" status="PASS">
          <reporter-output>
          </reporter-output>
        </test-method> <!-- setup -->
        <test-method signature="verifyContinueShoppingBtnTest()[pri:0, instance:testCases.Cart_Page_Test@3bf9ce3e]" started-at="2023-12-19T14:58:08 IST" name="verifyContinueShoppingBtnTest" finished-at="2023-12-19T14:58:08 IST" duration-ms="131" status="PASS">
          <reporter-output>
            <line>
              <![CDATA[After Clicking ShoppingBTN= = https://www.saucedemo.com/inventory.html]]>
            </line>
          </reporter-output>
        </test-method> <!-- verifyContinueShoppingBtnTest -->
        <test-method is-config="true" signature="closeBrowser(org.testng.ITestResult)[pri:0, instance:testCases.Cart_Page_Test@3bf9ce3e]" started-at="2023-12-19T14:58:08 IST" name="closeBrowser" finished-at="2023-12-19T14:58:08 IST" duration-ms="132" status="PASS">
          <params>
            <param index="0">
              <value>
                <![CDATA[[TestResult name=verifyContinueShoppingBtnTest status=SUCCESS method=Cart_Page_Test.verifyContinueShoppingBtnTest()[pri:0, instance:testCases.Cart_Page_Test@3bf9ce3e] output=After Clicking ShoppingBTN= = https://www.saucedemo.com/inventory.html]]]>
              </value>
            </param>
          </params>
          <reporter-output>
          </reporter-output>
        </test-method> <!-- closeBrowser -->
        <test-method is-config="true" signature="setup()[pri:0, instance:testCases.Cart_Page_Test@3bf9ce3e]" started-at="2023-12-19T14:58:08 IST" name="setup" finished-at="2023-12-19T14:58:11 IST" duration-ms="2741" status="PASS">
          <reporter-output>
          </reporter-output>
        </test-method> <!-- setup -->
        <test-method signature="verifyDescriptionTextTest()[pri:0, instance:testCases.Cart_Page_Test@3bf9ce3e]" started-at="2023-12-19T14:58:11 IST" name="verifyDescriptionTextTest" finished-at="2023-12-19T14:58:11 IST" duration-ms="56" status="PASS">
          <reporter-output>
            <line>
              <![CDATA[cart page text is = Description]]>
            </line>
          </reporter-output>
        </test-method> <!-- verifyDescriptionTextTest -->
        <test-method is-config="true" signature="closeBrowser(org.testng.ITestResult)[pri:0, instance:testCases.Cart_Page_Test@3bf9ce3e]" started-at="2023-12-19T14:58:11 IST" name="closeBrowser" finished-at="2023-12-19T14:58:11 IST" duration-ms="143" status="PASS">
          <params>
            <param index="0">
              <value>
                <![CDATA[[TestResult name=verifyDescriptionTextTest status=SUCCESS method=Cart_Page_Test.verifyDescriptionTextTest()[pri:0, instance:testCases.Cart_Page_Test@3bf9ce3e] output=cart page text is = Description]]]>
              </value>
            </param>
          </params>
          <reporter-output>
          </reporter-output>
        </test-method> <!-- closeBrowser -->
        <test-method is-config="true" signature="setup()[pri:0, instance:testCases.Cart_Page_Test@3bf9ce3e]" started-at="2023-12-19T14:58:11 IST" name="setup" finished-at="2023-12-19T14:58:14 IST" duration-ms="2719" status="PASS">
          <reporter-output>
          </reporter-output>
        </test-method> <!-- setup -->
        <test-method signature="verifyQTYTextTest()[pri:0, instance:testCases.Cart_Page_Test@3bf9ce3e]" started-at="2023-12-19T14:58:14 IST" name="verifyQTYTextTest" finished-at="2023-12-19T14:58:14 IST" duration-ms="56" status="PASS">
          <reporter-output>
            <line>
              <![CDATA[cart page text is = QTY]]>
            </line>
          </reporter-output>
        </test-method> <!-- verifyQTYTextTest -->
        <test-method is-config="true" signature="closeBrowser(org.testng.ITestResult)[pri:0, instance:testCases.Cart_Page_Test@3bf9ce3e]" started-at="2023-12-19T14:58:14 IST" name="closeBrowser" finished-at="2023-12-19T14:58:14 IST" duration-ms="145" status="PASS">
          <params>
            <param index="0">
              <value>
                <![CDATA[[TestResult name=verifyQTYTextTest status=SUCCESS method=Cart_Page_Test.verifyQTYTextTest()[pri:0, instance:testCases.Cart_Page_Test@3bf9ce3e] output=cart page text is = QTY]]]>
              </value>
            </param>
          </params>
          <reporter-output>
          </reporter-output>
        </test-method> <!-- closeBrowser -->
        <test-method is-config="true" signature="setup()[pri:0, instance:testCases.Cart_Page_Test@3bf9ce3e]" started-at="2023-12-19T14:58:14 IST" name="setup" finished-at="2023-12-19T14:58:17 IST" duration-ms="2579" status="PASS">
          <reporter-output>
          </reporter-output>
        </test-method> <!-- setup -->
        <test-method signature="verifySwagLabsTextTest()[pri:0, instance:testCases.Cart_Page_Test@3bf9ce3e]" started-at="2023-12-19T14:58:17 IST" name="verifySwagLabsTextTest" finished-at="2023-12-19T14:58:17 IST" duration-ms="63" status="PASS">
          <reporter-output>
            <line>
              <![CDATA[cart page text is = Swag Labs]]>
            </line>
          </reporter-output>
        </test-method> <!-- verifySwagLabsTextTest -->
        <test-method is-config="true" signature="closeBrowser(org.testng.ITestResult)[pri:0, instance:testCases.Cart_Page_Test@3bf9ce3e]" started-at="2023-12-19T14:58:17 IST" name="closeBrowser" finished-at="2023-12-19T14:58:17 IST" duration-ms="186" status="PASS">
          <params>
            <param index="0">
              <value>
                <![CDATA[[TestResult name=verifySwagLabsTextTest status=SUCCESS method=Cart_Page_Test.verifySwagLabsTextTest()[pri:0, instance:testCases.Cart_Page_Test@3bf9ce3e] output=cart page text is = Swag Labs]]]>
              </value>
            </param>
          </params>
          <reporter-output>
          </reporter-output>
        </test-method> <!-- closeBrowser -->
        <test-method is-config="true" signature="setup()[pri:0, instance:testCases.Cart_Page_Test@3bf9ce3e]" started-at="2023-12-19T14:58:17 IST" name="setup" finished-at="2023-12-19T14:58:20 IST" duration-ms="2627" status="PASS">
          <reporter-output>
          </reporter-output>
        </test-method> <!-- setup -->
        <test-method signature="verifyURLOFApplicationTest()[pri:0, instance:testCases.Cart_Page_Test@3bf9ce3e]" started-at="2023-12-19T14:58:20 IST" name="verifyURLOFApplicationTest" finished-at="2023-12-19T14:58:20 IST" duration-ms="9" status="PASS">
          <reporter-output>
            <line>
              <![CDATA[URL of the Cart page is = https://www.saucedemo.com/cart.html]]>
            </line>
          </reporter-output>
        </test-method> <!-- verifyURLOFApplicationTest -->
        <test-method is-config="true" signature="closeBrowser(org.testng.ITestResult)[pri:0, instance:testCases.Cart_Page_Test@3bf9ce3e]" started-at="2023-12-19T14:58:20 IST" name="closeBrowser" finished-at="2023-12-19T14:58:20 IST" duration-ms="183" status="PASS">
          <params>
            <param index="0">
              <value>
                <![CDATA[[TestResult name=verifyURLOFApplicationTest status=SUCCESS method=Cart_Page_Test.verifyURLOFApplicationTest()[pri:0, instance:testCases.Cart_Page_Test@3bf9ce3e] output=URL of the Cart page is = https://www.saucedemo.com/cart.html]]]>
              </value>
            </param>
          </params>
          <reporter-output>
          </reporter-output>
        </test-method> <!-- closeBrowser -->
        <test-method is-config="true" signature="setup()[pri:0, instance:testCases.Cart_Page_Test@3bf9ce3e]" started-at="2023-12-19T14:58:20 IST" name="setup" finished-at="2023-12-19T14:58:22 IST" duration-ms="2601" status="PASS">
          <reporter-output>
          </reporter-output>
        </test-method> <!-- setup -->
        <test-method signature="verifyyourCartTextTest()[pri:0, instance:testCases.Cart_Page_Test@3bf9ce3e]" started-at="2023-12-19T14:58:22 IST" name="verifyyourCartTextTest" finished-at="2023-12-19T14:58:22 IST" duration-ms="63" status="PASS">
          <reporter-output>
            <line>
              <![CDATA[cart page text is = Your Cart]]>
            </line>
          </reporter-output>
        </test-method> <!-- verifyyourCartTextTest -->
        <test-method is-config="true" signature="closeBrowser(org.testng.ITestResult)[pri:0, instance:testCases.Cart_Page_Test@3bf9ce3e]" started-at="2023-12-19T14:58:22 IST" name="closeBrowser" finished-at="2023-12-19T14:58:23 IST" duration-ms="146" status="PASS">
          <params>
            <param index="0">
              <value>
                <![CDATA[[TestResult name=verifyyourCartTextTest status=SUCCESS method=Cart_Page_Test.verifyyourCartTextTest()[pri:0, instance:testCases.Cart_Page_Test@3bf9ce3e] output=cart page text is = Your Cart]]]>
              </value>
            </param>
          </params>
          <reporter-output>
          </reporter-output>
        </test-method> <!-- closeBrowser -->
      </class> <!-- testCases.Cart_Page_Test -->
    </test> <!-- Default test -->
  </suite> <!-- Default suite -->
</testng-results>
